Determining if the include file pthread.h exists failed with the following output:
Change Dir: f:/SDSU/Fall 2020/CS635/Assignment1/Assignment1_Kavya_Onkarappa_Sunanda_825893660/build/CMakeFiles/CMakeTmp

Run Build Command:"C:\Program Files (x86)\Microsoft Visual Studio\2017\Community/MSBuild/15.0/Bin/MSBuild.exe" "cmTC_cf22c.vcxproj" "/p:Configuration=Debug" "/p:VisualStudioVersion=15.0"
Microsoft (R) Build Engine version 15.1.1012.6693
Copyright (C) Microsoft Corporation. All rights reserved.

Build started 9/15/2020 7:19:47 PM.
Project "f:\SDSU\Fall 2020\CS635\Assignment1\Assignment1_Kavya_Onkarappa_Sunanda_825893660\build\CMakeFiles\CMakeTmp\cmTC_cf22c.vcxproj" on node 1 (default targets).
PrepareForBuild:
  Creating directory "cmTC_cf22c.dir\Debug\".
  Creating directory "F:\SDSU\Fall 2020\CS635\Assignment1\Assignment1_Kavya_Onkarappa_Sunanda_825893660\build\CMakeFiles\CMakeTmp\Debug\".
  Creating directory "cmTC_cf22c.dir\Debug\cmTC_cf22c.tlog\".
InitializeBuildStatus:
  Creating "cmTC_cf22c.dir\Debug\cmTC_cf22c.tlog\unsuccessfulbuild" because "AlwaysCreate" was specified.
ClCompile:
  C:\Program Files (x86)\Microsoft Visual Studio\2017\Community\VC\Tools\MSVC\14.10.25017\bin\HostX64\x64\CL.exe /c /Zi /W3 /WX- /diagnostics:classic /Od /Ob0 /D WIN32 /D _WINDOWS /D "CMAKE_INTDIR=\"Debug\"" /D _MBCS /Gm- /RTC1 /MDd /GS /fp:precise /Zc:wchar_t /Zc:forScope /Zc:inline /Fo"cmTC_cf22c.dir\Debug\\" /Fd"cmTC_cf22c.dir\Debug\vc141.pdb" /Gd /TC /errorReport:queue "F:\SDSU\Fall 2020\CS635\Assignment1\Assignment1_Kavya_Onkarappa_Sunanda_825893660\build\CMakeFiles\CMakeTmp\CheckIncludeFile.c"
  Microsoft (R) C/C++ Optimizing Compiler Version 19.10.25019 for x64
  Copyright (C) Microsoft Corporation.  All rights reserved.
  
  cl /c /Zi /W3 /WX- /diagnostics:classic /Od /Ob0 /D WIN32 /D _WINDOWS /D "CMAKE_INTDIR=\"Debug\"" /D _MBCS /Gm- /RTC1 /MDd /GS /fp:precise /Zc:wchar_t /Zc:forScope /Zc:inline /Fo"cmTC_cf22c.dir\Debug\\" /Fd"cmTC_cf22c.dir\Debug\vc141.pdb" /Gd /TC /errorReport:queue "F:\SDSU\Fall 2020\CS635\Assignment1\Assignment1_Kavya_Onkarappa_Sunanda_825893660\build\CMakeFiles\CMakeTmp\CheckIncludeFile.c"
  CheckIncludeFile.c
  
F:\SDSU\Fall 2020\CS635\Assignment1\Assignment1_Kavya_Onkarappa_Sunanda_825893660\build\CMakeFiles\CMakeTmp\CheckIncludeFile.c(1): fatal error C1083: Cannot open include file: 'pthread.h': No such file or directory [f:\SDSU\Fall 2020\CS635\Assignment1\Assignment1_Kavya_Onkarappa_Sunanda_825893660\build\CMakeFiles\CMakeTmp\cmTC_cf22c.vcxproj]
Done Building Project "f:\SDSU\Fall 2020\CS635\Assignment1\Assignment1_Kavya_Onkarappa_Sunanda_825893660\build\CMakeFiles\CMakeTmp\cmTC_cf22c.vcxproj" (default targets) -- FAILED.

Build FAILED.

"f:\SDSU\Fall 2020\CS635\Assignment1\Assignment1_Kavya_Onkarappa_Sunanda_825893660\build\CMakeFiles\CMakeTmp\cmTC_cf22c.vcxproj" (default target) (1) ->
(ClCompile target) -> 
  F:\SDSU\Fall 2020\CS635\Assignment1\Assignment1_Kavya_Onkarappa_Sunanda_825893660\build\CMakeFiles\CMakeTmp\CheckIncludeFile.c(1): fatal error C1083: Cannot open include file: 'pthread.h': No such file or directory [f:\SDSU\Fall 2020\CS635\Assignment1\Assignment1_Kavya_Onkarappa_Sunanda_825893660\build\CMakeFiles\CMakeTmp\cmTC_cf22c.vcxproj]

    0 Warning(s)
    1 Error(s)

Time Elapsed 00:00:06.64


